2015-11-24 15:11:22  [ main:1 ] - [ ERROR ]  服务端udp启动异常....
java.net.BindException: Cannot assign requested address: bind
	at sun.nio.ch.Net.bind0(Native Method)
	at sun.nio.ch.Net.bind(Net.java:444)
	at sun.nio.ch.DatagramChannelImpl.bind(DatagramChannelImpl.java:702)
	at sun.nio.ch.DatagramSocketAdaptor.bind(DatagramSocketAdaptor.java:91)
	at org.apache.mina.transport.socket.nio.NioDatagramAcceptor.open(NioDatagramAcceptor.java:109)
	at org.apache.mina.transport.socket.nio.NioDatagramAcceptor.open(NioDatagramAcceptor.java:48)
	at org.apache.mina.core.polling.AbstractPollingConnectionlessIoAcceptor.registerHandles(AbstractPollingConnectionlessIoAcceptor.java:830)
	at org.apache.mina.core.polling.AbstractPollingConnectionlessIoAcceptor.access$400(AbstractPollingConnectionlessIoAcceptor.java:61)
	at org.apache.mina.core.polling.AbstractPollingConnectionlessIoAcceptor$Acceptor.run(AbstractPollingConnectionlessIoAcceptor.java:585)
	at org.apache.mina.util.NamePreservingRunnable.run(NamePreservingRunnable.java:64)
	at java.util.concurrent.ThreadPoolExecutor.runWorker(ThreadPoolExecutor.java:1145)
	at java.util.concurrent.ThreadPoolExecutor$Worker.run(ThreadPoolExecutor.java:615)
	at java.lang.Thread.run(Thread.java:745)
2015-11-24 15:14:00  [ main:2 ] - [ ERROR ]  服务端udp启动异常....
java.net.BindException: Cannot assign requested address: bind
	at sun.nio.ch.Net.bind0(Native Method)
	at sun.nio.ch.Net.bind(Net.java:444)
	at sun.nio.ch.DatagramChannelImpl.bind(DatagramChannelImpl.java:702)
	at sun.nio.ch.DatagramSocketAdaptor.bind(DatagramSocketAdaptor.java:91)
	at org.apache.mina.transport.socket.nio.NioDatagramAcceptor.open(NioDatagramAcceptor.java:109)
	at org.apache.mina.transport.socket.nio.NioDatagramAcceptor.open(NioDatagramAcceptor.java:48)
	at org.apache.mina.core.polling.AbstractPollingConnectionlessIoAcceptor.registerHandles(AbstractPollingConnectionlessIoAcceptor.java:830)
	at org.apache.mina.core.polling.AbstractPollingConnectionlessIoAcceptor.access$400(AbstractPollingConnectionlessIoAcceptor.java:61)
	at org.apache.mina.core.polling.AbstractPollingConnectionlessIoAcceptor$Acceptor.run(AbstractPollingConnectionlessIoAcceptor.java:585)
	at org.apache.mina.util.NamePreservingRunnable.run(NamePreservingRunnable.java:64)
	at java.util.concurrent.ThreadPoolExecutor.runWorker(ThreadPoolExecutor.java:1145)
	at java.util.concurrent.ThreadPoolExecutor$Worker.run(ThreadPoolExecutor.java:615)
	at java.lang.Thread.run(Thread.java:745)
